<?xml version="1.0" encoding="UTF-8" standalone="no"?>
<testsuite errors="0" failures="0" name="io.cucumber.core.plugin.JUnitFormatter" skipped="0" tests="5" time="109.321">
<testcase classname="Validate New resgister form" name="Check if a new register created succesfull" time="22.793">
<system-out><![CDATA[Given user open the browser on the page.....................................passed
When user enters all fields correcly........................................passed
Then Click on Submit button.................................................passed
]]></system-out>
</testcase>
<testcase classname="Validate New resgister form" name="Error when email is an invalid format" time="21.901">
<system-out><![CDATA[Given user open the browser on the page.....................................passed
When user enters all fields correcly email is an invalid format.............passed
Then Click on Submit button.................................................passed
]]></system-out>
</testcase>
<testcase classname="Validate New resgister form" name="Error when password contains invalid format" time="20.932">
<system-out><![CDATA[Given user open the browser on the page.....................................passed
When user enters all fields correcly password contains invalid format.......passed
Then Click on Submit button.................................................passed
]]></system-out>
</testcase>
<testcase classname="Validate New resgister form" name="Error when confirm password doesn�t match with password" time="22.264">
<system-out><![CDATA[Given user open the browser on the page.....................................passed
When Error when confirm password not match with password....................passed
Then Click on Submit button.................................................passed
]]></system-out>
</testcase>
<testcase classname="Validate New resgister form" name="Check if not obligatory fields are abligattory" time="20.95">
<system-out><![CDATA[Given user open the browser on the page.....................................passed
When Check if not obligatory fields are abligatories fields.................passed
Then Click on Submit button.................................................passed
]]></system-out>
</testcase>
</testsuite>
